[0.006s] Invoking command in '/home/kiran_gunathilaka/development/ros/robotic_manipulator_simulation/build/gazebo_sim': CMAKE_PREFIX_PATH=/home/kiran_gunathilaka/development/ros/robotic_manipulator_simulation/install/gp7_robot:/home/kiran_gunathilaka/development/ros/robotic_manipulator_simulation/install/gazebo_sim:/opt/ros/jazzy/opt/gz_sim_vendor:/opt/ros/jazzy/opt/gz_sensors_vendor:/opt/ros/jazzy/opt/gz_physics_vendor:/opt/ros/jazzy/opt/sdformat_vendor:/opt/ros/jazzy/opt/gz_gui_vendor:/opt/ros/jazzy/opt/gz_transport_vendor:/opt/ros/jazzy/opt/gz_rendering_vendor:/opt/ros/jazzy/opt/gz_plugin_vendor:/opt/ros/jazzy/opt/gz_fuel_tools_vendor:/opt/ros/jazzy/opt/gz_msgs_vendor:/opt/ros/jazzy/opt/gz_common_vendor:/opt/ros/jazzy/opt/gz_math_vendor:/opt/ros/jazzy/opt/gz_utils_vendor:/opt/ros/jazzy/opt/gz_tools_vendor:/opt/ros/jazzy/opt/gz_ogre_next_vendor:/opt/ros/jazzy/opt/gz_dartsim_vendor:/opt/ros/jazzy/opt/gz_cmake_vendor:/opt/ros/jazzy DEBUGINFOD_URLS=https://debuginfod.ubuntu.com /usr/bin/cmake /home/kiran_gunathilaka/development/ros/robotic_manipulator_simulation/src/gazebo_sim -DAMENT_CMAKE_SYMLINK_INSTALL=1 -DCMAKE_INSTALL_PREFIX=/home/kiran_gunathilaka/development/ros/robotic_manipulator_simulation/install/gazebo_sim
[0.049s] -- The C compiler identification is GNU 13.3.0
[0.097s] -- The CXX compiler identification is GNU 13.3.0
[0.112s] -- Detecting C compiler ABI info
[0.169s] -- Detecting C compiler ABI info - done
[0.177s] -- Check for working C compiler: /usr/lib/ccache/cc - skipped
[0.177s] -- Detecting C compile features
[0.178s] -- Detecting C compile features - done
[0.186s] -- Detecting CXX compiler ABI info
[0.252s] -- Detecting CXX compiler ABI info - done
[0.265s] -- Check for working CXX compiler: /usr/lib/ccache/c++ - skipped
[0.265s] -- Detecting CXX compile features
[0.266s] -- Detecting CXX compile features - done
[0.269s] -- Found ament_cmake: 2.5.4 (/opt/ros/jazzy/share/ament_cmake/cmake)
[0.389s] -- Found Python3: /usr/bin/python3 (found version "3.12.3") found components: Interpreter 
[0.448s] -- Override CMake install command with custom implementation using symlinks instead of copying resources
[0.488s] -- Found ros_gz_sim: 1.0.16 (/opt/ros/jazzy/share/ros_gz_sim/cmake)
[0.536s] -- Found rosidl_generator_c: 4.6.6 (/opt/ros/jazzy/share/rosidl_generator_c/cmake)
[0.550s] -- Found rosidl_generator_cpp: 4.6.6 (/opt/ros/jazzy/share/rosidl_generator_cpp/cmake)
[0.567s] -- Using all available rosidl_typesupport_c: rosidl_typesupport_fastrtps_c;rosidl_typesupport_introspection_c
[0.585s] -- Using all available rosidl_typesupport_cpp: rosidl_typesupport_fastrtps_cpp;rosidl_typesupport_introspection_cpp
[0.664s] -- Found rmw_implementation_cmake: 7.3.2 (/opt/ros/jazzy/share/rmw_implementation_cmake/cmake)
[0.667s] -- Found rmw_fastrtps_cpp: 8.4.3 (/opt/ros/jazzy/share/rmw_fastrtps_cpp/cmake)
[0.735s] -- Found OpenSSL: /usr/lib/x86_64-linux-gnu/libcrypto.so (found version "3.0.13")  
[0.755s] -- Found FastRTPS: /opt/ros/jazzy/include (Required is at least version "2.13") 
[0.774s] -- Using RMW implementation 'rmw_fastrtps_cpp' as default
[1.016s] -- Found ros_gz_bridge: 1.0.16 (/opt/ros/jazzy/share/ros_gz_bridge/cmake)
[1.034s] -- Looking for gz-msgs10 -- found version 10.3.2
[1.040s] -- Searching for dependencies of gz-msgs10
[1.148s] -- Found Protobuf: /usr/lib/x86_64-linux-gnu/libprotobuf.so (found version "3.21.12") 
[1.150s] -- Looking for gz-utils2 -- found version 2.2.1
[1.150s] -- Searching for dependencies of gz-utils2
[1.152s] -- Looking for gz-math7 -- found version 7.5.2
[1.152s] -- Searching for dependencies of gz-math7
[1.153s] -- Looking for gz-utils2 -- found version 2.2.1
[1.157s] -- Checking for module 'tinyxml2'
[1.167s] --   Found tinyxml2, version 10.0.0
[1.196s] -- Looking for gz-transport13 -- found version 13.4.1
[1.196s] -- Searching for dependencies of gz-transport13
[1.224s] -- Config-file not installed for ZeroMQ -- checking for pkg-config
[1.227s] -- Checking for module 'libzmq >= 4'
[1.238s] --   Found libzmq, version 4.3.5
[1.266s] -- Found ZeroMQ: TRUE (Required is at least version "4") 
[1.270s] -- Checking for module 'uuid'
[1.281s] --   Found uuid, version 2.39.3
[1.304s] -- Found UUID: TRUE  
[1.304s] -- Looking for gz-utils2 -- found version 2.2.1
[1.304s] -- Searching for dependencies of gz-utils2
[1.304s] -- Searching for <gz-utils2> component [cli]
[1.306s] -- Looking for gz-utils2-cli -- found version 2.2.1
[1.306s] -- Searching for dependencies of gz-utils2-cli
[1.307s] -- Looking for gz-msgs10 -- found version 10.3.2
[1.484s] -- Found gp7_robot: 0.0.0 (/home/kiran_gunathilaka/development/ros/robotic_manipulator_simulation/install/gp7_robot/share/gp7_robot/cmake)
[1.486s] -- Found ament_lint_auto: 0.17.3 (/opt/ros/jazzy/share/ament_lint_auto/cmake)
[1.580s] -- Added test 'lint_cmake' to check CMake code style
[1.582s] -- Added test 'xmllint' to check XML markup files
[1.584s] -- Configuring done (1.6s)
[1.590s] -- Generating done (0.0s)
[1.594s] -- Build files have been written to: /home/kiran_gunathilaka/development/ros/robotic_manipulator_simulation/build/gazebo_sim
[1.605s] Invoked command in '/home/kiran_gunathilaka/development/ros/robotic_manipulator_simulation/build/gazebo_sim' returned '0': CMAKE_PREFIX_PATH=/home/kiran_gunathilaka/development/ros/robotic_manipulator_simulation/install/gp7_robot:/home/kiran_gunathilaka/development/ros/robotic_manipulator_simulation/install/gazebo_sim:/opt/ros/jazzy/opt/gz_sim_vendor:/opt/ros/jazzy/opt/gz_sensors_vendor:/opt/ros/jazzy/opt/gz_physics_vendor:/opt/ros/jazzy/opt/sdformat_vendor:/opt/ros/jazzy/opt/gz_gui_vendor:/opt/ros/jazzy/opt/gz_transport_vendor:/opt/ros/jazzy/opt/gz_rendering_vendor:/opt/ros/jazzy/opt/gz_plugin_vendor:/opt/ros/jazzy/opt/gz_fuel_tools_vendor:/opt/ros/jazzy/opt/gz_msgs_vendor:/opt/ros/jazzy/opt/gz_common_vendor:/opt/ros/jazzy/opt/gz_math_vendor:/opt/ros/jazzy/opt/gz_utils_vendor:/opt/ros/jazzy/opt/gz_tools_vendor:/opt/ros/jazzy/opt/gz_ogre_next_vendor:/opt/ros/jazzy/opt/gz_dartsim_vendor:/opt/ros/jazzy/opt/gz_cmake_vendor:/opt/ros/jazzy DEBUGINFOD_URLS=https://debuginfod.ubuntu.com /usr/bin/cmake /home/kiran_gunathilaka/development/ros/robotic_manipulator_simulation/src/gazebo_sim -DAMENT_CMAKE_SYMLINK_INSTALL=1 -DCMAKE_INSTALL_PREFIX=/home/kiran_gunathilaka/development/ros/robotic_manipulator_simulation/install/gazebo_sim
[1.606s] Invoking command in '/home/kiran_gunathilaka/development/ros/robotic_manipulator_simulation/build/gazebo_sim': CMAKE_PREFIX_PATH=/home/kiran_gunathilaka/development/ros/robotic_manipulator_simulation/install/gp7_robot:/home/kiran_gunathilaka/development/ros/robotic_manipulator_simulation/install/gazebo_sim:/opt/ros/jazzy/opt/gz_sim_vendor:/opt/ros/jazzy/opt/gz_sensors_vendor:/opt/ros/jazzy/opt/gz_physics_vendor:/opt/ros/jazzy/opt/sdformat_vendor:/opt/ros/jazzy/opt/gz_gui_vendor:/opt/ros/jazzy/opt/gz_transport_vendor:/opt/ros/jazzy/opt/gz_rendering_vendor:/opt/ros/jazzy/opt/gz_plugin_vendor:/opt/ros/jazzy/opt/gz_fuel_tools_vendor:/opt/ros/jazzy/opt/gz_msgs_vendor:/opt/ros/jazzy/opt/gz_common_vendor:/opt/ros/jazzy/opt/gz_math_vendor:/opt/ros/jazzy/opt/gz_utils_vendor:/opt/ros/jazzy/opt/gz_tools_vendor:/opt/ros/jazzy/opt/gz_ogre_next_vendor:/opt/ros/jazzy/opt/gz_dartsim_vendor:/opt/ros/jazzy/opt/gz_cmake_vendor:/opt/ros/jazzy DEBUGINFOD_URLS=https://debuginfod.ubuntu.com /usr/bin/cmake --build /home/kiran_gunathilaka/development/ros/robotic_manipulator_simulation/build/gazebo_sim -- -j12 -l12
[1.639s] Invoked command in '/home/kiran_gunathilaka/development/ros/robotic_manipulator_simulation/build/gazebo_sim' returned '0': CMAKE_PREFIX_PATH=/home/kiran_gunathilaka/development/ros/robotic_manipulator_simulation/install/gp7_robot:/home/kiran_gunathilaka/development/ros/robotic_manipulator_simulation/install/gazebo_sim:/opt/ros/jazzy/opt/gz_sim_vendor:/opt/ros/jazzy/opt/gz_sensors_vendor:/opt/ros/jazzy/opt/gz_physics_vendor:/opt/ros/jazzy/opt/sdformat_vendor:/opt/ros/jazzy/opt/gz_gui_vendor:/opt/ros/jazzy/opt/gz_transport_vendor:/opt/ros/jazzy/opt/gz_rendering_vendor:/opt/ros/jazzy/opt/gz_plugin_vendor:/opt/ros/jazzy/opt/gz_fuel_tools_vendor:/opt/ros/jazzy/opt/gz_msgs_vendor:/opt/ros/jazzy/opt/gz_common_vendor:/opt/ros/jazzy/opt/gz_math_vendor:/opt/ros/jazzy/opt/gz_utils_vendor:/opt/ros/jazzy/opt/gz_tools_vendor:/opt/ros/jazzy/opt/gz_ogre_next_vendor:/opt/ros/jazzy/opt/gz_dartsim_vendor:/opt/ros/jazzy/opt/gz_cmake_vendor:/opt/ros/jazzy DEBUGINFOD_URLS=https://debuginfod.ubuntu.com /usr/bin/cmake --build /home/kiran_gunathilaka/development/ros/robotic_manipulator_simulation/build/gazebo_sim -- -j12 -l12
[1.640s] Invoking command in '/home/kiran_gunathilaka/development/ros/robotic_manipulator_simulation/build/gazebo_sim': CMAKE_PREFIX_PATH=/home/kiran_gunathilaka/development/ros/robotic_manipulator_simulation/install/gp7_robot:/home/kiran_gunathilaka/development/ros/robotic_manipulator_simulation/install/gazebo_sim:/opt/ros/jazzy/opt/gz_sim_vendor:/opt/ros/jazzy/opt/gz_sensors_vendor:/opt/ros/jazzy/opt/gz_physics_vendor:/opt/ros/jazzy/opt/sdformat_vendor:/opt/ros/jazzy/opt/gz_gui_vendor:/opt/ros/jazzy/opt/gz_transport_vendor:/opt/ros/jazzy/opt/gz_rendering_vendor:/opt/ros/jazzy/opt/gz_plugin_vendor:/opt/ros/jazzy/opt/gz_fuel_tools_vendor:/opt/ros/jazzy/opt/gz_msgs_vendor:/opt/ros/jazzy/opt/gz_common_vendor:/opt/ros/jazzy/opt/gz_math_vendor:/opt/ros/jazzy/opt/gz_utils_vendor:/opt/ros/jazzy/opt/gz_tools_vendor:/opt/ros/jazzy/opt/gz_ogre_next_vendor:/opt/ros/jazzy/opt/gz_dartsim_vendor:/opt/ros/jazzy/opt/gz_cmake_vendor:/opt/ros/jazzy DEBUGINFOD_URLS=https://debuginfod.ubuntu.com /usr/bin/cmake --install /home/kiran_gunathilaka/development/ros/robotic_manipulator_simulation/build/gazebo_sim
[1.646s] -- Install configuration: ""
[1.646s] -- Execute custom install script
[1.647s] -- Symlinking: /home/kiran_gunathilaka/development/ros/robotic_manipulator_simulation/install/gazebo_sim/share/gazebo_sim/worlds/gp7_world.sdf
[1.654s] -- Symlinking: /home/kiran_gunathilaka/development/ros/robotic_manipulator_simulation/install/gazebo_sim/share/ament_index/resource_index/package_run_dependencies/gazebo_sim
[1.660s] -- Symlinking: /home/kiran_gunathilaka/development/ros/robotic_manipulator_simulation/install/gazebo_sim/share/ament_index/resource_index/parent_prefix_path/gazebo_sim
[1.667s] -- Symlinking: /home/kiran_gunathilaka/development/ros/robotic_manipulator_simulation/install/gazebo_sim/share/gazebo_sim/environment/ament_prefix_path.sh
[1.674s] -- Symlinking: /home/kiran_gunathilaka/development/ros/robotic_manipulator_simulation/install/gazebo_sim/share/gazebo_sim/environment/ament_prefix_path.dsv
[1.680s] -- Symlinking: /home/kiran_gunathilaka/development/ros/robotic_manipulator_simulation/install/gazebo_sim/share/gazebo_sim/environment/path.sh
[1.688s] -- Symlinking: /home/kiran_gunathilaka/development/ros/robotic_manipulator_simulation/install/gazebo_sim/share/gazebo_sim/environment/path.dsv
[1.695s] -- Symlinking: /home/kiran_gunathilaka/development/ros/robotic_manipulator_simulation/install/gazebo_sim/share/gazebo_sim/local_setup.bash
[1.702s] -- Symlinking: /home/kiran_gunathilaka/development/ros/robotic_manipulator_simulation/install/gazebo_sim/share/gazebo_sim/local_setup.sh
[1.709s] -- Symlinking: /home/kiran_gunathilaka/development/ros/robotic_manipulator_simulation/install/gazebo_sim/share/gazebo_sim/local_setup.zsh
[1.719s] -- Symlinking: /home/kiran_gunathilaka/development/ros/robotic_manipulator_simulation/install/gazebo_sim/share/gazebo_sim/local_setup.dsv
[1.726s] -- Symlinking: /home/kiran_gunathilaka/development/ros/robotic_manipulator_simulation/install/gazebo_sim/share/gazebo_sim/package.dsv
[1.732s] -- Symlinking: /home/kiran_gunathilaka/development/ros/robotic_manipulator_simulation/install/gazebo_sim/share/ament_index/resource_index/packages/gazebo_sim
[1.739s] -- Symlinking: /home/kiran_gunathilaka/development/ros/robotic_manipulator_simulation/install/gazebo_sim/share/gazebo_sim/cmake/gazebo_simConfig.cmake
[1.746s] -- Symlinking: /home/kiran_gunathilaka/development/ros/robotic_manipulator_simulation/install/gazebo_sim/share/gazebo_sim/cmake/gazebo_simConfig-version.cmake
[1.753s] -- Symlinking: /home/kiran_gunathilaka/development/ros/robotic_manipulator_simulation/install/gazebo_sim/share/gazebo_sim/package.xml
[1.761s] Invoked command in '/home/kiran_gunathilaka/development/ros/robotic_manipulator_simulation/build/gazebo_sim' returned '0': CMAKE_PREFIX_PATH=/home/kiran_gunathilaka/development/ros/robotic_manipulator_simulation/install/gp7_robot:/home/kiran_gunathilaka/development/ros/robotic_manipulator_simulation/install/gazebo_sim:/opt/ros/jazzy/opt/gz_sim_vendor:/opt/ros/jazzy/opt/gz_sensors_vendor:/opt/ros/jazzy/opt/gz_physics_vendor:/opt/ros/jazzy/opt/sdformat_vendor:/opt/ros/jazzy/opt/gz_gui_vendor:/opt/ros/jazzy/opt/gz_transport_vendor:/opt/ros/jazzy/opt/gz_rendering_vendor:/opt/ros/jazzy/opt/gz_plugin_vendor:/opt/ros/jazzy/opt/gz_fuel_tools_vendor:/opt/ros/jazzy/opt/gz_msgs_vendor:/opt/ros/jazzy/opt/gz_common_vendor:/opt/ros/jazzy/opt/gz_math_vendor:/opt/ros/jazzy/opt/gz_utils_vendor:/opt/ros/jazzy/opt/gz_tools_vendor:/opt/ros/jazzy/opt/gz_ogre_next_vendor:/opt/ros/jazzy/opt/gz_dartsim_vendor:/opt/ros/jazzy/opt/gz_cmake_vendor:/opt/ros/jazzy DEBUGINFOD_URLS=https://debuginfod.ubuntu.com /usr/bin/cmake --install /home/kiran_gunathilaka/development/ros/robotic_manipulator_simulation/build/gazebo_sim
