[0.010s] Invoking command in '/home/kiran_gunathilaka/development/ros/robotic_manipulator_simulation/build/gp7_robot': CMAKE_PREFIX_PATH=${CMAKE_PREFIX_PATH}:/opt/ros/jazzy DEBUGINFOD_URLS=https://debuginfod.ubuntu.com /usr/bin/cmake /home/kiran_gunathilaka/development/ros/robotic_manipulator_simulation/src/gp7_robot -DAMENT_CMAKE_SYMLINK_INSTALL=1 -DCMAKE_INSTALL_PREFIX=/home/kiran_gunathilaka/development/ros/robotic_manipulator_simulation/install/gp7_robot
[0.064s] -- The C compiler identification is GNU 13.3.0
[0.124s] -- The CXX compiler identification is GNU 13.3.0
[0.144s] -- Detecting C compiler ABI info
[0.214s] -- Detecting C compiler ABI info - done
[0.223s] -- Check for working C compiler: /usr/lib/ccache/cc - skipped
[0.223s] -- Detecting C compile features
[0.223s] -- Detecting C compile features - done
[0.233s] -- Detecting CXX compiler ABI info
[0.302s] -- Detecting CXX compiler ABI info - done
[0.311s] -- Check for working CXX compiler: /usr/lib/ccache/c++ - skipped
[0.311s] -- Detecting CXX compile features
[0.311s] -- Detecting CXX compile features - done
[0.314s] -- Found ament_cmake: 2.5.4 (/opt/ros/jazzy/share/ament_cmake/cmake)
[0.434s] -- Found Python3: /usr/bin/python3 (found version "3.12.3") found components: Interpreter 
[0.492s] -- Override CMake install command with custom implementation using symlinks instead of copying resources
[0.530s] -- Found robot_state_publisher: 3.3.3 (/opt/ros/jazzy/share/robot_state_publisher/cmake)
[0.572s] -- Found rosidl_generator_c: 4.6.6 (/opt/ros/jazzy/share/rosidl_generator_c/cmake)
[0.587s] -- Found rosidl_generator_cpp: 4.6.6 (/opt/ros/jazzy/share/rosidl_generator_cpp/cmake)
[0.604s] -- Using all available rosidl_typesupport_c: rosidl_typesupport_fastrtps_c;rosidl_typesupport_introspection_c
[0.622s] -- Using all available rosidl_typesupport_cpp: rosidl_typesupport_fastrtps_cpp;rosidl_typesupport_introspection_cpp
[0.716s] -- Found rmw_implementation_cmake: 7.3.2 (/opt/ros/jazzy/share/rmw_implementation_cmake/cmake)
[0.719s] -- Found rmw_fastrtps_cpp: 8.4.3 (/opt/ros/jazzy/share/rmw_fastrtps_cpp/cmake)
[0.790s] -- Found OpenSSL: /usr/lib/x86_64-linux-gnu/libcrypto.so (found version "3.0.13")  
[0.810s] -- Found FastRTPS: /opt/ros/jazzy/include (Required is at least version "2.13") 
[0.830s] -- Using RMW implementation 'rmw_fastrtps_cpp' as default
[1.119s] -- Found xacro: 2.0.13 (/opt/ros/jazzy/share/xacro/cmake)
[1.122s] -- Found ament_lint_auto: 0.17.3 (/opt/ros/jazzy/share/ament_lint_auto/cmake)
[1.214s] -- Added test 'flake8' to check Python code syntax and style conventions
[1.214s] -- Configured 'flake8' exclude dirs and/or files: 
[1.214s] -- Added test 'lint_cmake' to check CMake code style
[1.215s] -- Added test 'pep257' to check Python code against some of the docstring style conventions in PEP 257
[1.216s] -- Added test 'xmllint' to check XML markup files
[1.218s] -- Configuring done (1.2s)
[1.224s] -- Generating done (0.0s)
[1.228s] -- Build files have been written to: /home/kiran_gunathilaka/development/ros/robotic_manipulator_simulation/build/gp7_robot
[1.238s] Invoked command in '/home/kiran_gunathilaka/development/ros/robotic_manipulator_simulation/build/gp7_robot' returned '0': CMAKE_PREFIX_PATH=${CMAKE_PREFIX_PATH}:/opt/ros/jazzy DEBUGINFOD_URLS=https://debuginfod.ubuntu.com /usr/bin/cmake /home/kiran_gunathilaka/development/ros/robotic_manipulator_simulation/src/gp7_robot -DAMENT_CMAKE_SYMLINK_INSTALL=1 -DCMAKE_INSTALL_PREFIX=/home/kiran_gunathilaka/development/ros/robotic_manipulator_simulation/install/gp7_robot
[1.239s] Invoking command in '/home/kiran_gunathilaka/development/ros/robotic_manipulator_simulation/build/gp7_robot': CMAKE_PREFIX_PATH=${CMAKE_PREFIX_PATH}:/opt/ros/jazzy DEBUGINFOD_URLS=https://debuginfod.ubuntu.com /usr/bin/cmake --build /home/kiran_gunathilaka/development/ros/robotic_manipulator_simulation/build/gp7_robot -- -j12 -l12
[1.270s] Invoked command in '/home/kiran_gunathilaka/development/ros/robotic_manipulator_simulation/build/gp7_robot' returned '0': CMAKE_PREFIX_PATH=${CMAKE_PREFIX_PATH}:/opt/ros/jazzy DEBUGINFOD_URLS=https://debuginfod.ubuntu.com /usr/bin/cmake --build /home/kiran_gunathilaka/development/ros/robotic_manipulator_simulation/build/gp7_robot -- -j12 -l12
[1.278s] Invoking command in '/home/kiran_gunathilaka/development/ros/robotic_manipulator_simulation/build/gp7_robot': CMAKE_PREFIX_PATH=${CMAKE_PREFIX_PATH}:/opt/ros/jazzy DEBUGINFOD_URLS=https://debuginfod.ubuntu.com /usr/bin/cmake --install /home/kiran_gunathilaka/development/ros/robotic_manipulator_simulation/build/gp7_robot
[1.284s] -- Install configuration: ""
[1.284s] -- Execute custom install script
[1.285s] -- Symlinking: /home/kiran_gunathilaka/development/ros/robotic_manipulator_simulation/install/gp7_robot/share/gp7_robot/urdf/gp7_robot.csv
[1.291s] -- Symlinking: /home/kiran_gunathilaka/development/ros/robotic_manipulator_simulation/install/gp7_robot/share/gp7_robot/urdf/gp7_robot.urdf
[1.298s] -- Symlinking: /home/kiran_gunathilaka/development/ros/robotic_manipulator_simulation/install/gp7_robot/share/gp7_robot/meshes/EE.STL
[1.305s] -- Symlinking: /home/kiran_gunathilaka/development/ros/robotic_manipulator_simulation/install/gp7_robot/share/gp7_robot/meshes/base_link.STL
[1.312s] -- Symlinking: /home/kiran_gunathilaka/development/ros/robotic_manipulator_simulation/install/gp7_robot/share/gp7_robot/meshes/finger1_link.STL
[1.319s] -- Symlinking: /home/kiran_gunathilaka/development/ros/robotic_manipulator_simulation/install/gp7_robot/share/gp7_robot/meshes/finger2_link.STL
[1.325s] -- Symlinking: /home/kiran_gunathilaka/development/ros/robotic_manipulator_simulation/install/gp7_robot/share/gp7_robot/meshes/link1.STL
[1.332s] -- Symlinking: /home/kiran_gunathilaka/development/ros/robotic_manipulator_simulation/install/gp7_robot/share/gp7_robot/meshes/link2.STL
[1.338s] -- Symlinking: /home/kiran_gunathilaka/development/ros/robotic_manipulator_simulation/install/gp7_robot/share/gp7_robot/meshes/link3.STL
[1.344s] -- Symlinking: /home/kiran_gunathilaka/development/ros/robotic_manipulator_simulation/install/gp7_robot/share/gp7_robot/meshes/link4.STL
[1.351s] -- Symlinking: /home/kiran_gunathilaka/development/ros/robotic_manipulator_simulation/install/gp7_robot/share/gp7_robot/meshes/link5.STL
[1.357s] -- Symlinking: /home/kiran_gunathilaka/development/ros/robotic_manipulator_simulation/install/gp7_robot/share/gp7_robot/config/joint_names_AEP_Robot.yaml
[1.365s] -- Symlinking: /home/kiran_gunathilaka/development/ros/robotic_manipulator_simulation/install/gp7_robot/share/gp7_robot/config/rviz/gp7_robot.rviz
[1.372s] -- Symlinking: /home/kiran_gunathilaka/development/ros/robotic_manipulator_simulation/install/gp7_robot/share/gp7_robot/launch/display_gazebo.launch.py
[1.378s] -- Symlinking: /home/kiran_gunathilaka/development/ros/robotic_manipulator_simulation/install/gp7_robot/share/gp7_robot/launch/display_rviz2.launch.py
[1.385s] -- Symlinking: /home/kiran_gunathilaka/development/ros/robotic_manipulator_simulation/install/gp7_robot/share/gp7_robot/model.config
[1.391s] -- Symlinking: /home/kiran_gunathilaka/development/ros/robotic_manipulator_simulation/install/gp7_robot/share/ament_index/resource_index/package_run_dependencies/gp7_robot
[1.397s] -- Symlinking: /home/kiran_gunathilaka/development/ros/robotic_manipulator_simulation/install/gp7_robot/share/ament_index/resource_index/parent_prefix_path/gp7_robot
[1.405s] -- Symlinking: /home/kiran_gunathilaka/development/ros/robotic_manipulator_simulation/install/gp7_robot/share/gp7_robot/environment/ament_prefix_path.sh
[1.412s] -- Symlinking: /home/kiran_gunathilaka/development/ros/robotic_manipulator_simulation/install/gp7_robot/share/gp7_robot/environment/ament_prefix_path.dsv
[1.418s] -- Symlinking: /home/kiran_gunathilaka/development/ros/robotic_manipulator_simulation/install/gp7_robot/share/gp7_robot/environment/path.sh
[1.425s] -- Symlinking: /home/kiran_gunathilaka/development/ros/robotic_manipulator_simulation/install/gp7_robot/share/gp7_robot/environment/path.dsv
[1.432s] -- Symlinking: /home/kiran_gunathilaka/development/ros/robotic_manipulator_simulation/install/gp7_robot/share/gp7_robot/local_setup.bash
[1.438s] -- Symlinking: /home/kiran_gunathilaka/development/ros/robotic_manipulator_simulation/install/gp7_robot/share/gp7_robot/local_setup.sh
[1.445s] -- Symlinking: /home/kiran_gunathilaka/development/ros/robotic_manipulator_simulation/install/gp7_robot/share/gp7_robot/local_setup.zsh
[1.452s] -- Symlinking: /home/kiran_gunathilaka/development/ros/robotic_manipulator_simulation/install/gp7_robot/share/gp7_robot/local_setup.dsv
[1.459s] -- Symlinking: /home/kiran_gunathilaka/development/ros/robotic_manipulator_simulation/install/gp7_robot/share/gp7_robot/package.dsv
[1.465s] -- Symlinking: /home/kiran_gunathilaka/development/ros/robotic_manipulator_simulation/install/gp7_robot/share/ament_index/resource_index/packages/gp7_robot
[1.471s] -- Symlinking: /home/kiran_gunathilaka/development/ros/robotic_manipulator_simulation/install/gp7_robot/share/gp7_robot/cmake/gp7_robotConfig.cmake
[1.478s] -- Symlinking: /home/kiran_gunathilaka/development/ros/robotic_manipulator_simulation/install/gp7_robot/share/gp7_robot/cmake/gp7_robotConfig-version.cmake
[1.484s] -- Symlinking: /home/kiran_gunathilaka/development/ros/robotic_manipulator_simulation/install/gp7_robot/share/gp7_robot/package.xml
[1.492s] Invoked command in '/home/kiran_gunathilaka/development/ros/robotic_manipulator_simulation/build/gp7_robot' returned '0': CMAKE_PREFIX_PATH=${CMAKE_PREFIX_PATH}:/opt/ros/jazzy DEBUGINFOD_URLS=https://debuginfod.ubuntu.com /usr/bin/cmake --install /home/kiran_gunathilaka/development/ros/robotic_manipulator_simulation/build/gp7_robot
