[0.097s] DEBUG:colcon:Command line arguments: ['/usr/bin/colcon', 'build', '--symlink-install']
[0.097s] DEBUG:colcon:Parsed command line arguments: Namespace(log_base=None, log_level=None, verb_name='build', build_base='build', install_base='install', merge_install=False, symlink_install=True, test_result_base=None, continue_on_error=False, executor='parallel', parallel_workers=12, event_handlers=None, ignore_user_meta=False, metas=['./colcon.meta'], base_paths=['.'], packages_ignore=None, packages_ignore_regex=None, paths=None, packages_up_to=None, packages_up_to_regex=None, packages_above=None, packages_above_and_dependencies=None, packages_above_depth=None, packages_select_by_dep=None, packages_skip_by_dep=None, packages_skip_up_to=None, packages_select_build_failed=False, packages_skip_build_finished=False, packages_select_test_failures=False, packages_skip_test_passed=False, packages_select=None, packages_skip=None, packages_select_regex=None, packages_skip_regex=None, packages_start=None, packages_end=None, allow_overriding=[], cmake_args=None, cmake_target=None, cmake_target_skip_unavailable=False, cmake_clean_cache=False, cmake_clean_first=False, cmake_force_configure=False, ament_cmake_args=None, catkin_cmake_args=None, catkin_skip_building_tests=False, mixin_files=None, mixin=None, verb_parser=<colcon_mixin.mixin.mixin_argument.MixinArgumentDecorator object at 0x71deb1bade80>, verb_extension=<colcon_core.verb.build.BuildVerb object at 0x71deb1cd2510>, main=<bound method BuildVerb.main of <colcon_core.verb.build.BuildVerb object at 0x71deb1cd2510>>, mixin_verb=('build',))
[0.129s] Level 1:colcon.colcon_core.package_discovery:discover_packages(colcon_meta) check parameters
[0.129s] Level 1:colcon.colcon_core.package_discovery:discover_packages(recursive) check parameters
[0.129s] Level 1:colcon.colcon_core.package_discovery:discover_packages(ignore) check parameters
[0.129s] Level 1:colcon.colcon_core.package_discovery:discover_packages(path) check parameters
[0.129s] Level 1:colcon.colcon_core.package_discovery:discover_packages(colcon_meta) discover
[0.129s] Level 1:colcon.colcon_core.package_discovery:discover_packages(recursive) discover
[0.129s] INFO:colcon.colcon_core.package_discovery:Crawling recursively for packages in '/home/kiran_gunathilaka/development/ros/robotic_manipulator_simulation'
[0.129s] Level 1:colcon.colcon_core.package_identification:_identify(.) by extensions ['ignore', 'ignore_ament_install']
[0.130s] Level 1:colcon.colcon_core.package_identification:_identify(.) by extension 'ignore'
[0.130s] Level 1:colcon.colcon_core.package_identification:_identify(.) by extension 'ignore_ament_install'
[0.130s] Level 1:colcon.colcon_core.package_identification:_identify(.) by extensions ['colcon_pkg']
[0.130s] Level 1:colcon.colcon_core.package_identification:_identify(.) by extension 'colcon_pkg'
[0.130s] Level 1:colcon.colcon_core.package_identification:_identify(.) by extensions ['colcon_meta']
[0.130s] Level 1:colcon.colcon_core.package_identification:_identify(.) by extension 'colcon_meta'
[0.130s] Level 1:colcon.colcon_core.package_identification:_identify(.) by extensions ['ros']
[0.130s] Level 1:colcon.colcon_core.package_identification:_identify(.) by extension 'ros'
[0.151s] Level 1:colcon.colcon_core.package_identification:_identify(.) by extensions ['cmake', 'python']
[0.151s] Level 1:colcon.colcon_core.package_identification:_identify(.) by extension 'cmake'
[0.151s] Level 1:colcon.colcon_core.package_identification:_identify(.) by extension 'python'
[0.151s] Level 1:colcon.colcon_core.package_identification:_identify(.) by extensions ['python_setup_py']
[0.151s] Level 1:colcon.colcon_core.package_identification:_identify(.) by extension 'python_setup_py'
[0.151s] Level 1:colcon.colcon_core.package_identification:_identify(build) by extensions ['ignore', 'ignore_ament_install']
[0.151s] Level 1:colcon.colcon_core.package_identification:_identify(build) by extension 'ignore'
[0.151s] Level 1:colcon.colcon_core.package_identification:_identify(build) ignored
[0.151s] Level 1:colcon.colcon_core.package_identification:_identify(cad) by extensions ['ignore', 'ignore_ament_install']
[0.152s] Level 1:colcon.colcon_core.package_identification:_identify(cad) by extension 'ignore'
[0.152s] Level 1:colcon.colcon_core.package_identification:_identify(cad) by extension 'ignore_ament_install'
[0.152s] Level 1:colcon.colcon_core.package_identification:_identify(cad) by extensions ['colcon_pkg']
[0.152s] Level 1:colcon.colcon_core.package_identification:_identify(cad) by extension 'colcon_pkg'
[0.152s] Level 1:colcon.colcon_core.package_identification:_identify(cad) by extensions ['colcon_meta']
[0.152s] Level 1:colcon.colcon_core.package_identification:_identify(cad) by extension 'colcon_meta'
[0.152s] Level 1:colcon.colcon_core.package_identification:_identify(cad) by extensions ['ros']
[0.152s] Level 1:colcon.colcon_core.package_identification:_identify(cad) by extension 'ros'
[0.152s] Level 1:colcon.colcon_core.package_identification:_identify(cad) by extensions ['cmake', 'python']
[0.152s] Level 1:colcon.colcon_core.package_identification:_identify(cad) by extension 'cmake'
[0.152s] Level 1:colcon.colcon_core.package_identification:_identify(cad) by extension 'python'
[0.152s] Level 1:colcon.colcon_core.package_identification:_identify(cad) by extensions ['python_setup_py']
[0.152s] Level 1:colcon.colcon_core.package_identification:_identify(cad) by extension 'python_setup_py'
[0.152s] Level 1:colcon.colcon_core.package_identification:_identify(cad/GP7 (Solidworks 2020)) by extensions ['ignore', 'ignore_ament_install']
[0.152s] Level 1:colcon.colcon_core.package_identification:_identify(cad/GP7 (Solidworks 2020)) by extension 'ignore'
[0.152s] Level 1:colcon.colcon_core.package_identification:_identify(cad/GP7 (Solidworks 2020)) by extension 'ignore_ament_install'
[0.152s] Level 1:colcon.colcon_core.package_identification:_identify(cad/GP7 (Solidworks 2020)) by extensions ['colcon_pkg']
[0.152s] Level 1:colcon.colcon_core.package_identification:_identify(cad/GP7 (Solidworks 2020)) by extension 'colcon_pkg'
[0.152s] Level 1:colcon.colcon_core.package_identification:_identify(cad/GP7 (Solidworks 2020)) by extensions ['colcon_meta']
[0.152s] Level 1:colcon.colcon_core.package_identification:_identify(cad/GP7 (Solidworks 2020)) by extension 'colcon_meta'
[0.152s] Level 1:colcon.colcon_core.package_identification:_identify(cad/GP7 (Solidworks 2020)) by extensions ['ros']
[0.152s] Level 1:colcon.colcon_core.package_identification:_identify(cad/GP7 (Solidworks 2020)) by extension 'ros'
[0.153s] Level 1:colcon.colcon_core.package_identification:_identify(cad/GP7 (Solidworks 2020)) by extensions ['cmake', 'python']
[0.153s] Level 1:colcon.colcon_core.package_identification:_identify(cad/GP7 (Solidworks 2020)) by extension 'cmake'
[0.153s] Level 1:colcon.colcon_core.package_identification:_identify(cad/GP7 (Solidworks 2020)) by extension 'python'
[0.153s] Level 1:colcon.colcon_core.package_identification:_identify(cad/GP7 (Solidworks 2020)) by extensions ['python_setup_py']
[0.153s] Level 1:colcon.colcon_core.package_identification:_identify(cad/GP7 (Solidworks 2020)) by extension 'python_setup_py'
[0.153s] Level 1:colcon.colcon_core.package_identification:_identify(cad/GP7 (Solidworks 2020)/EndEffector) by extensions ['ignore', 'ignore_ament_install']
[0.153s] Level 1:colcon.colcon_core.package_identification:_identify(cad/GP7 (Solidworks 2020)/EndEffector) by extension 'ignore'
[0.153s] Level 1:colcon.colcon_core.package_identification:_identify(cad/GP7 (Solidworks 2020)/EndEffector) by extension 'ignore_ament_install'
[0.153s] Level 1:colcon.colcon_core.package_identification:_identify(cad/GP7 (Solidworks 2020)/EndEffector) by extensions ['colcon_pkg']
[0.153s] Level 1:colcon.colcon_core.package_identification:_identify(cad/GP7 (Solidworks 2020)/EndEffector) by extension 'colcon_pkg'
[0.153s] Level 1:colcon.colcon_core.package_identification:_identify(cad/GP7 (Solidworks 2020)/EndEffector) by extensions ['colcon_meta']
[0.153s] Level 1:colcon.colcon_core.package_identification:_identify(cad/GP7 (Solidworks 2020)/EndEffector) by extension 'colcon_meta'
[0.153s] Level 1:colcon.colcon_core.package_identification:_identify(cad/GP7 (Solidworks 2020)/EndEffector) by extensions ['ros']
[0.153s] Level 1:colcon.colcon_core.package_identification:_identify(cad/GP7 (Solidworks 2020)/EndEffector) by extension 'ros'
[0.153s] Level 1:colcon.colcon_core.package_identification:_identify(cad/GP7 (Solidworks 2020)/EndEffector) by extensions ['cmake', 'python']
[0.153s] Level 1:colcon.colcon_core.package_identification:_identify(cad/GP7 (Solidworks 2020)/EndEffector) by extension 'cmake'
[0.153s] Level 1:colcon.colcon_core.package_identification:_identify(cad/GP7 (Solidworks 2020)/EndEffector) by extension 'python'
[0.153s] Level 1:colcon.colcon_core.package_identification:_identify(cad/GP7 (Solidworks 2020)/EndEffector) by extensions ['python_setup_py']
[0.153s] Level 1:colcon.colcon_core.package_identification:_identify(cad/GP7 (Solidworks 2020)/EndEffector) by extension 'python_setup_py'
[0.153s] Level 1:colcon.colcon_core.package_identification:_identify(cad/GP7 (Solidworks 2020)/GP7 components) by extensions ['ignore', 'ignore_ament_install']
[0.153s] Level 1:colcon.colcon_core.package_identification:_identify(cad/GP7 (Solidworks 2020)/GP7 components) by extension 'ignore'
[0.154s] Level 1:colcon.colcon_core.package_identification:_identify(cad/GP7 (Solidworks 2020)/GP7 components) by extension 'ignore_ament_install'
[0.154s] Level 1:colcon.colcon_core.package_identification:_identify(cad/GP7 (Solidworks 2020)/GP7 components) by extensions ['colcon_pkg']
[0.154s] Level 1:colcon.colcon_core.package_identification:_identify(cad/GP7 (Solidworks 2020)/GP7 components) by extension 'colcon_pkg'
[0.154s] Level 1:colcon.colcon_core.package_identification:_identify(cad/GP7 (Solidworks 2020)/GP7 components) by extensions ['colcon_meta']
[0.154s] Level 1:colcon.colcon_core.package_identification:_identify(cad/GP7 (Solidworks 2020)/GP7 components) by extension 'colcon_meta'
[0.154s] Level 1:colcon.colcon_core.package_identification:_identify(cad/GP7 (Solidworks 2020)/GP7 components) by extensions ['ros']
[0.154s] Level 1:colcon.colcon_core.package_identification:_identify(cad/GP7 (Solidworks 2020)/GP7 components) by extension 'ros'
[0.154s] Level 1:colcon.colcon_core.package_identification:_identify(cad/GP7 (Solidworks 2020)/GP7 components) by extensions ['cmake', 'python']
[0.154s] Level 1:colcon.colcon_core.package_identification:_identify(cad/GP7 (Solidworks 2020)/GP7 components) by extension 'cmake'
[0.154s] Level 1:colcon.colcon_core.package_identification:_identify(cad/GP7 (Solidworks 2020)/GP7 components) by extension 'python'
[0.154s] Level 1:colcon.colcon_core.package_identification:_identify(cad/GP7 (Solidworks 2020)/GP7 components) by extensions ['python_setup_py']
[0.154s] Level 1:colcon.colcon_core.package_identification:_identify(cad/GP7 (Solidworks 2020)/GP7 components) by extension 'python_setup_py'
[0.154s] Level 1:colcon.colcon_core.package_identification:_identify(install) by extensions ['ignore', 'ignore_ament_install']
[0.154s] Level 1:colcon.colcon_core.package_identification:_identify(install) by extension 'ignore'
[0.154s] Level 1:colcon.colcon_core.package_identification:_identify(install) ignored
[0.154s] Level 1:colcon.colcon_core.package_identification:_identify(log) by extensions ['ignore', 'ignore_ament_install']
[0.154s] Level 1:colcon.colcon_core.package_identification:_identify(log) by extension 'ignore'
[0.154s] Level 1:colcon.colcon_core.package_identification:_identify(log) ignored
[0.154s] Level 1:colcon.colcon_core.package_identification:_identify(other) by extensions ['ignore', 'ignore_ament_install']
[0.154s] Level 1:colcon.colcon_core.package_identification:_identify(other) by extension 'ignore'
[0.154s] Level 1:colcon.colcon_core.package_identification:_identify(other) by extension 'ignore_ament_install'
[0.155s] Level 1:colcon.colcon_core.package_identification:_identify(other) by extensions ['colcon_pkg']
[0.155s] Level 1:colcon.colcon_core.package_identification:_identify(other) by extension 'colcon_pkg'
[0.155s] Level 1:colcon.colcon_core.package_identification:_identify(other) by extensions ['colcon_meta']
[0.155s] Level 1:colcon.colcon_core.package_identification:_identify(other) by extension 'colcon_meta'
[0.155s] Level 1:colcon.colcon_core.package_identification:_identify(other) by extensions ['ros']
[0.155s] Level 1:colcon.colcon_core.package_identification:_identify(other) by extension 'ros'
[0.155s] Level 1:colcon.colcon_core.package_identification:_identify(other) by extensions ['cmake', 'python']
[0.155s] Level 1:colcon.colcon_core.package_identification:_identify(other) by extension 'cmake'
[0.155s] Level 1:colcon.colcon_core.package_identification:_identify(other) by extension 'python'
[0.155s] Level 1:colcon.colcon_core.package_identification:_identify(other) by extensions ['python_setup_py']
[0.155s] Level 1:colcon.colcon_core.package_identification:_identify(other) by extension 'python_setup_py'
[0.155s] Level 1:colcon.colcon_core.package_identification:_identify(src) by extensions ['ignore', 'ignore_ament_install']
[0.155s] Level 1:colcon.colcon_core.package_identification:_identify(src) by extension 'ignore'
[0.155s] Level 1:colcon.colcon_core.package_identification:_identify(src) by extension 'ignore_ament_install'
[0.155s] Level 1:colcon.colcon_core.package_identification:_identify(src) by extensions ['colcon_pkg']
[0.155s] Level 1:colcon.colcon_core.package_identification:_identify(src) by extension 'colcon_pkg'
[0.155s] Level 1:colcon.colcon_core.package_identification:_identify(src) by extensions ['colcon_meta']
[0.155s] Level 1:colcon.colcon_core.package_identification:_identify(src) by extension 'colcon_meta'
[0.155s] Level 1:colcon.colcon_core.package_identification:_identify(src) by extensions ['ros']
[0.155s] Level 1:colcon.colcon_core.package_identification:_identify(src) by extension 'ros'
[0.155s] Level 1:colcon.colcon_core.package_identification:_identify(src) by extensions ['cmake', 'python']
[0.155s] Level 1:colcon.colcon_core.package_identification:_identify(src) by extension 'cmake'
[0.155s] Level 1:colcon.colcon_core.package_identification:_identify(src) by extension 'python'
[0.155s] Level 1:colcon.colcon_core.package_identification:_identify(src) by extensions ['python_setup_py']
[0.155s] Level 1:colcon.colcon_core.package_identification:_identify(src) by extension 'python_setup_py'
[0.156s] Level 1:colcon.colcon_core.package_identification:_identify(src/gazebo_sim) by extensions ['ignore', 'ignore_ament_install']
[0.156s] Level 1:colcon.colcon_core.package_identification:_identify(src/gazebo_sim) by extension 'ignore'
[0.156s] Level 1:colcon.colcon_core.package_identification:_identify(src/gazebo_sim) by extension 'ignore_ament_install'
[0.156s] Level 1:colcon.colcon_core.package_identification:_identify(src/gazebo_sim) by extensions ['colcon_pkg']
[0.156s] Level 1:colcon.colcon_core.package_identification:_identify(src/gazebo_sim) by extension 'colcon_pkg'
[0.156s] Level 1:colcon.colcon_core.package_identification:_identify(src/gazebo_sim) by extensions ['colcon_meta']
[0.156s] Level 1:colcon.colcon_core.package_identification:_identify(src/gazebo_sim) by extension 'colcon_meta'
[0.156s] Level 1:colcon.colcon_core.package_identification:_identify(src/gazebo_sim) by extensions ['ros']
[0.156s] Level 1:colcon.colcon_core.package_identification:_identify(src/gazebo_sim) by extension 'ros'
[0.158s] DEBUG:colcon.colcon_core.package_identification:Package 'src/gazebo_sim' with type 'ros.ament_cmake' and name 'gazebo_sim'
[0.158s] Level 1:colcon.colcon_core.package_identification:_identify(src/gp7_robot) by extensions ['ignore', 'ignore_ament_install']
[0.158s] Level 1:colcon.colcon_core.package_identification:_identify(src/gp7_robot) by extension 'ignore'
[0.158s] Level 1:colcon.colcon_core.package_identification:_identify(src/gp7_robot) by extension 'ignore_ament_install'
[0.158s] Level 1:colcon.colcon_core.package_identification:_identify(src/gp7_robot) by extensions ['colcon_pkg']
[0.158s] Level 1:colcon.colcon_core.package_identification:_identify(src/gp7_robot) by extension 'colcon_pkg'
[0.158s] Level 1:colcon.colcon_core.package_identification:_identify(src/gp7_robot) by extensions ['colcon_meta']
[0.158s] Level 1:colcon.colcon_core.package_identification:_identify(src/gp7_robot) by extension 'colcon_meta'
[0.158s] Level 1:colcon.colcon_core.package_identification:_identify(src/gp7_robot) by extensions ['ros']
[0.158s] Level 1:colcon.colcon_core.package_identification:_identify(src/gp7_robot) by extension 'ros'
[0.159s] DEBUG:colcon.colcon_core.package_identification:Package 'src/gp7_robot' with type 'ros.ament_cmake' and name 'gp7_robot'
[0.159s] Level 1:colcon.colcon_core.package_discovery:discover_packages(recursive) using defaults
[0.159s] Level 1:colcon.colcon_core.package_discovery:discover_packages(ignore) discover
[0.159s] Level 1:colcon.colcon_core.package_discovery:discover_packages(ignore) using defaults
[0.159s] Level 1:colcon.colcon_core.package_discovery:discover_packages(path) discover
[0.159s] Level 1:colcon.colcon_core.package_discovery:discover_packages(path) using defaults
[0.174s] Level 1:colcon.colcon_core.package_discovery:discover_packages(prefix_path) check parameters
[0.174s] Level 1:colcon.colcon_core.package_discovery:discover_packages(prefix_path) discover
[0.175s] WARNING:colcon.colcon_ros.prefix_path.ament:The path '/home/kiran_gunathilaka/development/ros/robotic_manipulator_simulation/install/gazebo_sim' in the environment variable AMENT_PREFIX_PATH doesn't exist
[0.175s] WARNING:colcon.colcon_ros.prefix_path.ament:The path '/home/kiran_gunathilaka/development/ros/robotic_manipulator_simulation/install/gp7_robot' in the environment variable AMENT_PREFIX_PATH doesn't exist
[0.175s] WARNING:colcon.colcon_ros.prefix_path.catkin:The path '/home/kiran_gunathilaka/development/ros/robotic_manipulator_simulation/install/gazebo_sim' in the environment variable CMAKE_PREFIX_PATH doesn't exist
[0.175s] WARNING:colcon.colcon_ros.prefix_path.catkin:The path '/home/kiran_gunathilaka/development/ros/robotic_manipulator_simulation/install/gp7_robot' in the environment variable CMAKE_PREFIX_PATH doesn't exist
[0.176s] DEBUG:colcon.colcon_installed_package_information.package_discovery:Found 0 installed packages in /home/kiran_gunathilaka/development/ros/robotic_manipulator_simulation/install
[0.177s] DEBUG:colcon.colcon_installed_package_information.package_discovery:Found 429 installed packages in /opt/ros/jazzy
[0.180s] Level 1:colcon.colcon_core.package_discovery:discover_packages(prefix_path) using defaults
[0.233s] Level 5:colcon.colcon_core.verb:set package 'gp7_robot' build argument 'cmake_args' from command line to 'None'
[0.234s] Level 5:colcon.colcon_core.verb:set package 'gp7_robot' build argument 'cmake_target' from command line to 'None'
[0.234s] Level 5:colcon.colcon_core.verb:set package 'gp7_robot' build argument 'cmake_target_skip_unavailable' from command line to 'False'
[0.234s] Level 5:colcon.colcon_core.verb:set package 'gp7_robot' build argument 'cmake_clean_cache' from command line to 'False'
[0.234s] Level 5:colcon.colcon_core.verb:set package 'gp7_robot' build argument 'cmake_clean_first' from command line to 'False'
[0.234s] Level 5:colcon.colcon_core.verb:set package 'gp7_robot' build argument 'cmake_force_configure' from command line to 'False'
[0.234s] Level 5:colcon.colcon_core.verb:set package 'gp7_robot' build argument 'ament_cmake_args' from command line to 'None'
[0.234s] Level 5:colcon.colcon_core.verb:set package 'gp7_robot' build argument 'catkin_cmake_args' from command line to 'None'
[0.234s] Level 5:colcon.colcon_core.verb:set package 'gp7_robot' build argument 'catkin_skip_building_tests' from command line to 'False'
[0.234s] DEBUG:colcon.colcon_core.verb:Building package 'gp7_robot' with the following arguments: {'ament_cmake_args': None, 'build_base': '/home/kiran_gunathilaka/development/ros/robotic_manipulator_simulation/build/gp7_robot', 'catkin_cmake_args': None, 'catkin_skip_building_tests': False, 'cmake_args': None, 'cmake_clean_cache': False, 'cmake_clean_first': False, 'cmake_force_configure': False, 'cmake_target': None, 'cmake_target_skip_unavailable': False, 'install_base': '/home/kiran_gunathilaka/development/ros/robotic_manipulator_simulation/install/gp7_robot', 'merge_install': False, 'path': '/home/kiran_gunathilaka/development/ros/robotic_manipulator_simulation/src/gp7_robot', 'symlink_install': True, 'test_result_base': None}
[0.234s] Level 5:colcon.colcon_core.verb:set package 'gazebo_sim' build argument 'cmake_args' from command line to 'None'
[0.234s] Level 5:colcon.colcon_core.verb:set package 'gazebo_sim' build argument 'cmake_target' from command line to 'None'
[0.234s] Level 5:colcon.colcon_core.verb:set package 'gazebo_sim' build argument 'cmake_target_skip_unavailable' from command line to 'False'
[0.234s] Level 5:colcon.colcon_core.verb:set package 'gazebo_sim' build argument 'cmake_clean_cache' from command line to 'False'
[0.234s] Level 5:colcon.colcon_core.verb:set package 'gazebo_sim' build argument 'cmake_clean_first' from command line to 'False'
[0.234s] Level 5:colcon.colcon_core.verb:set package 'gazebo_sim' build argument 'cmake_force_configure' from command line to 'False'
[0.234s] Level 5:colcon.colcon_core.verb:set package 'gazebo_sim' build argument 'ament_cmake_args' from command line to 'None'
[0.234s] Level 5:colcon.colcon_core.verb:set package 'gazebo_sim' build argument 'catkin_cmake_args' from command line to 'None'
[0.234s] Level 5:colcon.colcon_core.verb:set package 'gazebo_sim' build argument 'catkin_skip_building_tests' from command line to 'False'
[0.234s] DEBUG:colcon.colcon_core.verb:Building package 'gazebo_sim' with the following arguments: {'ament_cmake_args': None, 'build_base': '/home/kiran_gunathilaka/development/ros/robotic_manipulator_simulation/build/gazebo_sim', 'catkin_cmake_args': None, 'catkin_skip_building_tests': False, 'cmake_args': None, 'cmake_clean_cache': False, 'cmake_clean_first': False, 'cmake_force_configure': False, 'cmake_target': None, 'cmake_target_skip_unavailable': False, 'install_base': '/home/kiran_gunathilaka/development/ros/robotic_manipulator_simulation/install/gazebo_sim', 'merge_install': False, 'path': '/home/kiran_gunathilaka/development/ros/robotic_manipulator_simulation/src/gazebo_sim', 'symlink_install': True, 'test_result_base': None}
[0.234s] INFO:colcon.colcon_core.executor:Executing jobs using 'parallel' executor
[0.235s] DEBUG:colcon.colcon_parallel_executor.executor.parallel:run_until_complete
[0.235s] INFO:colcon.colcon_ros.task.ament_cmake.build:Building ROS package in '/home/kiran_gunathilaka/development/ros/robotic_manipulator_simulation/src/gp7_robot' with build type 'ament_cmake'
[0.235s] INFO:colcon.colcon_cmake.task.cmake.build:Building CMake package in '/home/kiran_gunathilaka/development/ros/robotic_manipulator_simulation/src/gp7_robot'
[0.237s] INFO:colcon.colcon_core.plugin_system:Skipping extension 'colcon_core.shell.bat': Not used on non-Windows systems
[0.237s] INFO:colcon.colcon_core.shell:Skip shell extension 'powershell' for command environment: Not usable outside of PowerShell
[0.237s] DEBUG:colcon.colcon_core.shell:Skip shell extension 'dsv' for command environment
[0.245s] DEBUG:colcon.colcon_core.event_handler.log_command:Invoking command in '/home/kiran_gunathilaka/development/ros/robotic_manipulator_simulation/build/gp7_robot': CMAKE_PREFIX_PATH=${CMAKE_PREFIX_PATH}:/opt/ros/jazzy DEBUGINFOD_URLS=https://debuginfod.ubuntu.com /usr/bin/cmake /home/kiran_gunathilaka/development/ros/robotic_manipulator_simulation/src/gp7_robot -DAMENT_CMAKE_SYMLINK_INSTALL=1 -DCMAKE_INSTALL_PREFIX=/home/kiran_gunathilaka/development/ros/robotic_manipulator_simulation/install/gp7_robot
[1.503s] DEBUG:colcon.colcon_core.event_handler.log_command:Invoked command in '/home/kiran_gunathilaka/development/ros/robotic_manipulator_simulation/build/gp7_robot' returned '0': CMAKE_PREFIX_PATH=${CMAKE_PREFIX_PATH}:/opt/ros/jazzy DEBUGINFOD_URLS=https://debuginfod.ubuntu.com /usr/bin/cmake /home/kiran_gunathilaka/development/ros/robotic_manipulator_simulation/src/gp7_robot -DAMENT_CMAKE_SYMLINK_INSTALL=1 -DCMAKE_INSTALL_PREFIX=/home/kiran_gunathilaka/development/ros/robotic_manipulator_simulation/install/gp7_robot
[1.504s] DEBUG:colcon.colcon_core.event_handler.log_command:Invoking command in '/home/kiran_gunathilaka/development/ros/robotic_manipulator_simulation/build/gp7_robot': CMAKE_PREFIX_PATH=${CMAKE_PREFIX_PATH}:/opt/ros/jazzy DEBUGINFOD_URLS=https://debuginfod.ubuntu.com /usr/bin/cmake --build /home/kiran_gunathilaka/development/ros/robotic_manipulator_simulation/build/gp7_robot -- -j12 -l12
[1.536s] DEBUG:colcon.colcon_core.event_handler.log_command:Invoked command in '/home/kiran_gunathilaka/development/ros/robotic_manipulator_simulation/build/gp7_robot' returned '0': CMAKE_PREFIX_PATH=${CMAKE_PREFIX_PATH}:/opt/ros/jazzy DEBUGINFOD_URLS=https://debuginfod.ubuntu.com /usr/bin/cmake --build /home/kiran_gunathilaka/development/ros/robotic_manipulator_simulation/build/gp7_robot -- -j12 -l12
[1.545s] DEBUG:colcon.colcon_core.event_handler.log_command:Invoking command in '/home/kiran_gunathilaka/development/ros/robotic_manipulator_simulation/build/gp7_robot': CMAKE_PREFIX_PATH=${CMAKE_PREFIX_PATH}:/opt/ros/jazzy DEBUGINFOD_URLS=https://debuginfod.ubuntu.com /usr/bin/cmake --install /home/kiran_gunathilaka/development/ros/robotic_manipulator_simulation/build/gp7_robot
[1.759s] Level 1:colcon.colcon_core.environment:create_environment_scripts_only(gp7_robot)
[1.759s] DEBUG:colcon.colcon_core.event_handler.log_command:Invoked command in '/home/kiran_gunathilaka/development/ros/robotic_manipulator_simulation/build/gp7_robot' returned '0': CMAKE_PREFIX_PATH=${CMAKE_PREFIX_PATH}:/opt/ros/jazzy DEBUGINFOD_URLS=https://debuginfod.ubuntu.com /usr/bin/cmake --install /home/kiran_gunathilaka/development/ros/robotic_manipulator_simulation/build/gp7_robot
[1.761s] Level 1:colcon.colcon_core.environment:checking '/home/kiran_gunathilaka/development/ros/robotic_manipulator_simulation/install/gp7_robot' for CMake module files
[1.761s] Level 1:colcon.colcon_core.environment:checking '/home/kiran_gunathilaka/development/ros/robotic_manipulator_simulation/install/gp7_robot' for CMake config files
[1.761s] Level 1:colcon.colcon_core.shell:create_environment_hook('gp7_robot', 'cmake_prefix_path')
[1.762s] INFO:colcon.colcon_core.shell:Creating environment hook '/home/kiran_gunathilaka/development/ros/robotic_manipulator_simulation/install/gp7_robot/share/gp7_robot/hook/cmake_prefix_path.ps1'
[1.762s] INFO:colcon.colcon_core.shell:Creating environment descriptor '/home/kiran_gunathilaka/development/ros/robotic_manipulator_simulation/install/gp7_robot/share/gp7_robot/hook/cmake_prefix_path.dsv'
[1.762s] INFO:colcon.colcon_core.shell:Creating environment hook '/home/kiran_gunathilaka/development/ros/robotic_manipulator_simulation/install/gp7_robot/share/gp7_robot/hook/cmake_prefix_path.sh'
[1.763s] Level 1:colcon.colcon_core.environment:checking '/home/kiran_gunathilaka/development/ros/robotic_manipulator_simulation/install/gp7_robot/bin'
[1.763s] Level 1:colcon.colcon_core.environment:checking '/home/kiran_gunathilaka/development/ros/robotic_manipulator_simulation/install/gp7_robot/lib/pkgconfig/gp7_robot.pc'
[1.763s] Level 1:colcon.colcon_core.environment:checking '/home/kiran_gunathilaka/development/ros/robotic_manipulator_simulation/install/gp7_robot/lib/python3.12/site-packages'
[1.763s] Level 1:colcon.colcon_core.environment:checking '/home/kiran_gunathilaka/development/ros/robotic_manipulator_simulation/install/gp7_robot/bin'
[1.764s] INFO:colcon.colcon_core.shell:Creating package script '/home/kiran_gunathilaka/development/ros/robotic_manipulator_simulation/install/gp7_robot/share/gp7_robot/package.ps1'
[1.764s] INFO:colcon.colcon_core.shell:Creating package descriptor '/home/kiran_gunathilaka/development/ros/robotic_manipulator_simulation/install/gp7_robot/share/gp7_robot/package.dsv'
[1.764s] INFO:colcon.colcon_core.shell:Creating package script '/home/kiran_gunathilaka/development/ros/robotic_manipulator_simulation/install/gp7_robot/share/gp7_robot/package.sh'
[1.765s] INFO:colcon.colcon_core.shell:Creating package script '/home/kiran_gunathilaka/development/ros/robotic_manipulator_simulation/install/gp7_robot/share/gp7_robot/package.bash'
[1.765s] INFO:colcon.colcon_core.shell:Creating package script '/home/kiran_gunathilaka/development/ros/robotic_manipulator_simulation/install/gp7_robot/share/gp7_robot/package.zsh'
[1.766s] Level 1:colcon.colcon_core.environment:create_file_with_runtime_dependencies(/home/kiran_gunathilaka/development/ros/robotic_manipulator_simulation/install/gp7_robot/share/colcon-core/packages/gp7_robot)
[1.766s] Level 1:colcon.colcon_core.environment:create_environment_scripts_only(gp7_robot)
[1.766s] Level 1:colcon.colcon_core.environment:checking '/home/kiran_gunathilaka/development/ros/robotic_manipulator_simulation/install/gp7_robot' for CMake module files
[1.767s] Level 1:colcon.colcon_core.environment:checking '/home/kiran_gunathilaka/development/ros/robotic_manipulator_simulation/install/gp7_robot' for CMake config files
[1.767s] Level 1:colcon.colcon_core.shell:create_environment_hook('gp7_robot', 'cmake_prefix_path')
[1.767s] INFO:colcon.colcon_core.shell:Creating environment hook '/home/kiran_gunathilaka/development/ros/robotic_manipulator_simulation/install/gp7_robot/share/gp7_robot/hook/cmake_prefix_path.ps1'
[1.767s] INFO:colcon.colcon_core.shell:Creating environment descriptor '/home/kiran_gunathilaka/development/ros/robotic_manipulator_simulation/install/gp7_robot/share/gp7_robot/hook/cmake_prefix_path.dsv'
[1.767s] INFO:colcon.colcon_core.shell:Creating environment hook '/home/kiran_gunathilaka/development/ros/robotic_manipulator_simulation/install/gp7_robot/share/gp7_robot/hook/cmake_prefix_path.sh'
[1.768s] Level 1:colcon.colcon_core.environment:checking '/home/kiran_gunathilaka/development/ros/robotic_manipulator_simulation/install/gp7_robot/bin'
[1.768s] Level 1:colcon.colcon_core.environment:checking '/home/kiran_gunathilaka/development/ros/robotic_manipulator_simulation/install/gp7_robot/lib/pkgconfig/gp7_robot.pc'
[1.768s] Level 1:colcon.colcon_core.environment:checking '/home/kiran_gunathilaka/development/ros/robotic_manipulator_simulation/install/gp7_robot/lib/python3.12/site-packages'
[1.768s] Level 1:colcon.colcon_core.environment:checking '/home/kiran_gunathilaka/development/ros/robotic_manipulator_simulation/install/gp7_robot/bin'
[1.768s] INFO:colcon.colcon_core.shell:Creating package script '/home/kiran_gunathilaka/development/ros/robotic_manipulator_simulation/install/gp7_robot/share/gp7_robot/package.ps1'
[1.769s] INFO:colcon.colcon_core.shell:Creating package descriptor '/home/kiran_gunathilaka/development/ros/robotic_manipulator_simulation/install/gp7_robot/share/gp7_robot/package.dsv'
[1.769s] INFO:colcon.colcon_core.shell:Creating package script '/home/kiran_gunathilaka/development/ros/robotic_manipulator_simulation/install/gp7_robot/share/gp7_robot/package.sh'
[1.769s] INFO:colcon.colcon_core.shell:Creating package script '/home/kiran_gunathilaka/development/ros/robotic_manipulator_simulation/install/gp7_robot/share/gp7_robot/package.bash'
[1.770s] INFO:colcon.colcon_core.shell:Creating package script '/home/kiran_gunathilaka/development/ros/robotic_manipulator_simulation/install/gp7_robot/share/gp7_robot/package.zsh'
[1.770s] Level 1:colcon.colcon_core.environment:create_file_with_runtime_dependencies(/home/kiran_gunathilaka/development/ros/robotic_manipulator_simulation/install/gp7_robot/share/colcon-core/packages/gp7_robot)
[1.770s] INFO:colcon.colcon_ros.task.ament_cmake.build:Building ROS package in '/home/kiran_gunathilaka/development/ros/robotic_manipulator_simulation/src/gazebo_sim' with build type 'ament_cmake'
[1.770s] INFO:colcon.colcon_cmake.task.cmake.build:Building CMake package in '/home/kiran_gunathilaka/development/ros/robotic_manipulator_simulation/src/gazebo_sim'
[1.771s] INFO:colcon.colcon_core.shell:Skip shell extension 'powershell' for command environment: Not usable outside of PowerShell
[1.771s] DEBUG:colcon.colcon_core.shell:Skip shell extension 'dsv' for command environment
[1.777s] DEBUG:colcon.colcon_core.event_handler.log_command:Invoking command in '/home/kiran_gunathilaka/development/ros/robotic_manipulator_simulation/build/gazebo_sim': CMAKE_PREFIX_PATH=/home/kiran_gunathilaka/development/ros/robotic_manipulator_simulation/install/gp7_robot:/home/kiran_gunathilaka/development/ros/robotic_manipulator_simulation/install/gazebo_sim:/opt/ros/jazzy/opt/gz_sim_vendor:/opt/ros/jazzy/opt/gz_sensors_vendor:/opt/ros/jazzy/opt/gz_physics_vendor:/opt/ros/jazzy/opt/sdformat_vendor:/opt/ros/jazzy/opt/gz_gui_vendor:/opt/ros/jazzy/opt/gz_transport_vendor:/opt/ros/jazzy/opt/gz_rendering_vendor:/opt/ros/jazzy/opt/gz_plugin_vendor:/opt/ros/jazzy/opt/gz_fuel_tools_vendor:/opt/ros/jazzy/opt/gz_msgs_vendor:/opt/ros/jazzy/opt/gz_common_vendor:/opt/ros/jazzy/opt/gz_math_vendor:/opt/ros/jazzy/opt/gz_utils_vendor:/opt/ros/jazzy/opt/gz_tools_vendor:/opt/ros/jazzy/opt/gz_ogre_next_vendor:/opt/ros/jazzy/opt/gz_dartsim_vendor:/opt/ros/jazzy/opt/gz_cmake_vendor:/opt/ros/jazzy DEBUGINFOD_URLS=https://debuginfod.ubuntu.com /usr/bin/cmake /home/kiran_gunathilaka/development/ros/robotic_manipulator_simulation/src/gazebo_sim -DAMENT_CMAKE_SYMLINK_INSTALL=1 -DCMAKE_INSTALL_PREFIX=/home/kiran_gunathilaka/development/ros/robotic_manipulator_simulation/install/gazebo_sim
[3.508s] DEBUG:colcon.colcon_core.event_handler.log_command:Invoked command in '/home/kiran_gunathilaka/development/ros/robotic_manipulator_simulation/build/gazebo_sim' returned '0': CMAKE_PREFIX_PATH=/home/kiran_gunathilaka/development/ros/robotic_manipulator_simulation/install/gp7_robot:/home/kiran_gunathilaka/development/ros/robotic_manipulator_simulation/install/gazebo_sim:/opt/ros/jazzy/opt/gz_sim_vendor:/opt/ros/jazzy/opt/gz_sensors_vendor:/opt/ros/jazzy/opt/gz_physics_vendor:/opt/ros/jazzy/opt/sdformat_vendor:/opt/ros/jazzy/opt/gz_gui_vendor:/opt/ros/jazzy/opt/gz_transport_vendor:/opt/ros/jazzy/opt/gz_rendering_vendor:/opt/ros/jazzy/opt/gz_plugin_vendor:/opt/ros/jazzy/opt/gz_fuel_tools_vendor:/opt/ros/jazzy/opt/gz_msgs_vendor:/opt/ros/jazzy/opt/gz_common_vendor:/opt/ros/jazzy/opt/gz_math_vendor:/opt/ros/jazzy/opt/gz_utils_vendor:/opt/ros/jazzy/opt/gz_tools_vendor:/opt/ros/jazzy/opt/gz_ogre_next_vendor:/opt/ros/jazzy/opt/gz_dartsim_vendor:/opt/ros/jazzy/opt/gz_cmake_vendor:/opt/ros/jazzy DEBUGINFOD_URLS=https://debuginfod.ubuntu.com /usr/bin/cmake /home/kiran_gunathilaka/development/ros/robotic_manipulator_simulation/src/gazebo_sim -DAMENT_CMAKE_SYMLINK_INSTALL=1 -DCMAKE_INSTALL_PREFIX=/home/kiran_gunathilaka/development/ros/robotic_manipulator_simulation/install/gazebo_sim
[3.509s] DEBUG:colcon.colcon_core.event_handler.log_command:Invoking command in '/home/kiran_gunathilaka/development/ros/robotic_manipulator_simulation/build/gazebo_sim': CMAKE_PREFIX_PATH=/home/kiran_gunathilaka/development/ros/robotic_manipulator_simulation/install/gp7_robot:/home/kiran_gunathilaka/development/ros/robotic_manipulator_simulation/install/gazebo_sim:/opt/ros/jazzy/opt/gz_sim_vendor:/opt/ros/jazzy/opt/gz_sensors_vendor:/opt/ros/jazzy/opt/gz_physics_vendor:/opt/ros/jazzy/opt/sdformat_vendor:/opt/ros/jazzy/opt/gz_gui_vendor:/opt/ros/jazzy/opt/gz_transport_vendor:/opt/ros/jazzy/opt/gz_rendering_vendor:/opt/ros/jazzy/opt/gz_plugin_vendor:/opt/ros/jazzy/opt/gz_fuel_tools_vendor:/opt/ros/jazzy/opt/gz_msgs_vendor:/opt/ros/jazzy/opt/gz_common_vendor:/opt/ros/jazzy/opt/gz_math_vendor:/opt/ros/jazzy/opt/gz_utils_vendor:/opt/ros/jazzy/opt/gz_tools_vendor:/opt/ros/jazzy/opt/gz_ogre_next_vendor:/opt/ros/jazzy/opt/gz_dartsim_vendor:/opt/ros/jazzy/opt/gz_cmake_vendor:/opt/ros/jazzy DEBUGINFOD_URLS=https://debuginfod.ubuntu.com /usr/bin/cmake --build /home/kiran_gunathilaka/development/ros/robotic_manipulator_simulation/build/gazebo_sim -- -j12 -l12
[3.544s] DEBUG:colcon.colcon_core.event_handler.log_command:Invoked command in '/home/kiran_gunathilaka/development/ros/robotic_manipulator_simulation/build/gazebo_sim' returned '0': CMAKE_PREFIX_PATH=/home/kiran_gunathilaka/development/ros/robotic_manipulator_simulation/install/gp7_robot:/home/kiran_gunathilaka/development/ros/robotic_manipulator_simulation/install/gazebo_sim:/opt/ros/jazzy/opt/gz_sim_vendor:/opt/ros/jazzy/opt/gz_sensors_vendor:/opt/ros/jazzy/opt/gz_physics_vendor:/opt/ros/jazzy/opt/sdformat_vendor:/opt/ros/jazzy/opt/gz_gui_vendor:/opt/ros/jazzy/opt/gz_transport_vendor:/opt/ros/jazzy/opt/gz_rendering_vendor:/opt/ros/jazzy/opt/gz_plugin_vendor:/opt/ros/jazzy/opt/gz_fuel_tools_vendor:/opt/ros/jazzy/opt/gz_msgs_vendor:/opt/ros/jazzy/opt/gz_common_vendor:/opt/ros/jazzy/opt/gz_math_vendor:/opt/ros/jazzy/opt/gz_utils_vendor:/opt/ros/jazzy/opt/gz_tools_vendor:/opt/ros/jazzy/opt/gz_ogre_next_vendor:/opt/ros/jazzy/opt/gz_dartsim_vendor:/opt/ros/jazzy/opt/gz_cmake_vendor:/opt/ros/jazzy DEBUGINFOD_URLS=https://debuginfod.ubuntu.com /usr/bin/cmake --build /home/kiran_gunathilaka/development/ros/robotic_manipulator_simulation/build/gazebo_sim -- -j12 -l12
[3.544s] DEBUG:colcon.colcon_core.event_handler.log_command:Invoking command in '/home/kiran_gunathilaka/development/ros/robotic_manipulator_simulation/build/gazebo_sim': CMAKE_PREFIX_PATH=/home/kiran_gunathilaka/development/ros/robotic_manipulator_simulation/install/gp7_robot:/home/kiran_gunathilaka/development/ros/robotic_manipulator_simulation/install/gazebo_sim:/opt/ros/jazzy/opt/gz_sim_vendor:/opt/ros/jazzy/opt/gz_sensors_vendor:/opt/ros/jazzy/opt/gz_physics_vendor:/opt/ros/jazzy/opt/sdformat_vendor:/opt/ros/jazzy/opt/gz_gui_vendor:/opt/ros/jazzy/opt/gz_transport_vendor:/opt/ros/jazzy/opt/gz_rendering_vendor:/opt/ros/jazzy/opt/gz_plugin_vendor:/opt/ros/jazzy/opt/gz_fuel_tools_vendor:/opt/ros/jazzy/opt/gz_msgs_vendor:/opt/ros/jazzy/opt/gz_common_vendor:/opt/ros/jazzy/opt/gz_math_vendor:/opt/ros/jazzy/opt/gz_utils_vendor:/opt/ros/jazzy/opt/gz_tools_vendor:/opt/ros/jazzy/opt/gz_ogre_next_vendor:/opt/ros/jazzy/opt/gz_dartsim_vendor:/opt/ros/jazzy/opt/gz_cmake_vendor:/opt/ros/jazzy DEBUGINFOD_URLS=https://debuginfod.ubuntu.com /usr/bin/cmake --install /home/kiran_gunathilaka/development/ros/robotic_manipulator_simulation/build/gazebo_sim
[3.681s] Level 1:colcon.colcon_core.environment:create_environment_scripts_only(gazebo_sim)
[3.681s] Level 1:colcon.colcon_core.environment:checking '/home/kiran_gunathilaka/development/ros/robotic_manipulator_simulation/install/gazebo_sim' for CMake module files
[3.681s] DEBUG:colcon.colcon_core.event_handler.log_command:Invoked command in '/home/kiran_gunathilaka/development/ros/robotic_manipulator_simulation/build/gazebo_sim' returned '0': CMAKE_PREFIX_PATH=/home/kiran_gunathilaka/development/ros/robotic_manipulator_simulation/install/gp7_robot:/home/kiran_gunathilaka/development/ros/robotic_manipulator_simulation/install/gazebo_sim:/opt/ros/jazzy/opt/gz_sim_vendor:/opt/ros/jazzy/opt/gz_sensors_vendor:/opt/ros/jazzy/opt/gz_physics_vendor:/opt/ros/jazzy/opt/sdformat_vendor:/opt/ros/jazzy/opt/gz_gui_vendor:/opt/ros/jazzy/opt/gz_transport_vendor:/opt/ros/jazzy/opt/gz_rendering_vendor:/opt/ros/jazzy/opt/gz_plugin_vendor:/opt/ros/jazzy/opt/gz_fuel_tools_vendor:/opt/ros/jazzy/opt/gz_msgs_vendor:/opt/ros/jazzy/opt/gz_common_vendor:/opt/ros/jazzy/opt/gz_math_vendor:/opt/ros/jazzy/opt/gz_utils_vendor:/opt/ros/jazzy/opt/gz_tools_vendor:/opt/ros/jazzy/opt/gz_ogre_next_vendor:/opt/ros/jazzy/opt/gz_dartsim_vendor:/opt/ros/jazzy/opt/gz_cmake_vendor:/opt/ros/jazzy DEBUGINFOD_URLS=https://debuginfod.ubuntu.com /usr/bin/cmake --install /home/kiran_gunathilaka/development/ros/robotic_manipulator_simulation/build/gazebo_sim
[3.682s] Level 1:colcon.colcon_core.environment:checking '/home/kiran_gunathilaka/development/ros/robotic_manipulator_simulation/install/gazebo_sim' for CMake config files
[3.682s] Level 1:colcon.colcon_core.shell:create_environment_hook('gazebo_sim', 'cmake_prefix_path')
[3.682s] INFO:colcon.colcon_core.shell:Creating environment hook '/home/kiran_gunathilaka/development/ros/robotic_manipulator_simulation/install/gazebo_sim/share/gazebo_sim/hook/cmake_prefix_path.ps1'
[3.682s] INFO:colcon.colcon_core.shell:Creating environment descriptor '/home/kiran_gunathilaka/development/ros/robotic_manipulator_simulation/install/gazebo_sim/share/gazebo_sim/hook/cmake_prefix_path.dsv'
[3.683s] INFO:colcon.colcon_core.shell:Creating environment hook '/home/kiran_gunathilaka/development/ros/robotic_manipulator_simulation/install/gazebo_sim/share/gazebo_sim/hook/cmake_prefix_path.sh'
[3.683s] Level 1:colcon.colcon_core.environment:checking '/home/kiran_gunathilaka/development/ros/robotic_manipulator_simulation/install/gazebo_sim/bin'
[3.683s] Level 1:colcon.colcon_core.environment:checking '/home/kiran_gunathilaka/development/ros/robotic_manipulator_simulation/install/gazebo_sim/lib/pkgconfig/gazebo_sim.pc'
[3.683s] Level 1:colcon.colcon_core.environment:checking '/home/kiran_gunathilaka/development/ros/robotic_manipulator_simulation/install/gazebo_sim/lib/python3.12/site-packages'
[3.684s] Level 1:colcon.colcon_core.environment:checking '/home/kiran_gunathilaka/development/ros/robotic_manipulator_simulation/install/gazebo_sim/bin'
[3.684s] INFO:colcon.colcon_core.shell:Creating package script '/home/kiran_gunathilaka/development/ros/robotic_manipulator_simulation/install/gazebo_sim/share/gazebo_sim/package.ps1'
[3.684s] INFO:colcon.colcon_core.shell:Creating package descriptor '/home/kiran_gunathilaka/development/ros/robotic_manipulator_simulation/install/gazebo_sim/share/gazebo_sim/package.dsv'
[3.684s] INFO:colcon.colcon_core.shell:Creating package script '/home/kiran_gunathilaka/development/ros/robotic_manipulator_simulation/install/gazebo_sim/share/gazebo_sim/package.sh'
[3.685s] INFO:colcon.colcon_core.shell:Creating package script '/home/kiran_gunathilaka/development/ros/robotic_manipulator_simulation/install/gazebo_sim/share/gazebo_sim/package.bash'
[3.685s] INFO:colcon.colcon_core.shell:Creating package script '/home/kiran_gunathilaka/development/ros/robotic_manipulator_simulation/install/gazebo_sim/share/gazebo_sim/package.zsh'
[3.685s] Level 1:colcon.colcon_core.environment:create_file_with_runtime_dependencies(/home/kiran_gunathilaka/development/ros/robotic_manipulator_simulation/install/gazebo_sim/share/colcon-core/packages/gazebo_sim)
[3.685s] Level 1:colcon.colcon_core.environment:create_environment_scripts_only(gazebo_sim)
[3.686s] Level 1:colcon.colcon_core.environment:checking '/home/kiran_gunathilaka/development/ros/robotic_manipulator_simulation/install/gazebo_sim' for CMake module files
[3.686s] Level 1:colcon.colcon_core.environment:checking '/home/kiran_gunathilaka/development/ros/robotic_manipulator_simulation/install/gazebo_sim' for CMake config files
[3.686s] Level 1:colcon.colcon_core.shell:create_environment_hook('gazebo_sim', 'cmake_prefix_path')
[3.686s] INFO:colcon.colcon_core.shell:Creating environment hook '/home/kiran_gunathilaka/development/ros/robotic_manipulator_simulation/install/gazebo_sim/share/gazebo_sim/hook/cmake_prefix_path.ps1'
[3.686s] INFO:colcon.colcon_core.shell:Creating environment descriptor '/home/kiran_gunathilaka/development/ros/robotic_manipulator_simulation/install/gazebo_sim/share/gazebo_sim/hook/cmake_prefix_path.dsv'
[3.687s] INFO:colcon.colcon_core.shell:Creating environment hook '/home/kiran_gunathilaka/development/ros/robotic_manipulator_simulation/install/gazebo_sim/share/gazebo_sim/hook/cmake_prefix_path.sh'
[3.687s] Level 1:colcon.colcon_core.environment:checking '/home/kiran_gunathilaka/development/ros/robotic_manipulator_simulation/install/gazebo_sim/bin'
[3.687s] Level 1:colcon.colcon_core.environment:checking '/home/kiran_gunathilaka/development/ros/robotic_manipulator_simulation/install/gazebo_sim/lib/pkgconfig/gazebo_sim.pc'
[3.687s] Level 1:colcon.colcon_core.environment:checking '/home/kiran_gunathilaka/development/ros/robotic_manipulator_simulation/install/gazebo_sim/lib/python3.12/site-packages'
[3.687s] Level 1:colcon.colcon_core.environment:checking '/home/kiran_gunathilaka/development/ros/robotic_manipulator_simulation/install/gazebo_sim/bin'
[3.688s] INFO:colcon.colcon_core.shell:Creating package script '/home/kiran_gunathilaka/development/ros/robotic_manipulator_simulation/install/gazebo_sim/share/gazebo_sim/package.ps1'
[3.688s] INFO:colcon.colcon_core.shell:Creating package descriptor '/home/kiran_gunathilaka/development/ros/robotic_manipulator_simulation/install/gazebo_sim/share/gazebo_sim/package.dsv'
[3.688s] INFO:colcon.colcon_core.shell:Creating package script '/home/kiran_gunathilaka/development/ros/robotic_manipulator_simulation/install/gazebo_sim/share/gazebo_sim/package.sh'
[3.689s] INFO:colcon.colcon_core.shell:Creating package script '/home/kiran_gunathilaka/development/ros/robotic_manipulator_simulation/install/gazebo_sim/share/gazebo_sim/package.bash'
[3.689s] INFO:colcon.colcon_core.shell:Creating package script '/home/kiran_gunathilaka/development/ros/robotic_manipulator_simulation/install/gazebo_sim/share/gazebo_sim/package.zsh'
[3.689s] Level 1:colcon.colcon_core.environment:create_file_with_runtime_dependencies(/home/kiran_gunathilaka/development/ros/robotic_manipulator_simulation/install/gazebo_sim/share/colcon-core/packages/gazebo_sim)
[3.689s] DEBUG:colcon.colcon_parallel_executor.executor.parallel:closing loop
[3.690s] DEBUG:colcon.colcon_parallel_executor.executor.parallel:loop closed
[3.690s] DEBUG:colcon.colcon_parallel_executor.executor.parallel:run_until_complete finished with '0'
[3.690s] DEBUG:colcon.colcon_core.event_reactor:joining thread
[3.695s] INFO:colcon.colcon_core.plugin_system:Skipping extension 'colcon_notification.desktop_notification.terminal_notifier': Not used on non-Darwin systems
[3.695s] INFO:colcon.colcon_core.plugin_system:Skipping extension 'colcon_notification.desktop_notification.win32': Not used on non-Windows systems
[3.695s] INFO:colcon.colcon_notification.desktop_notification:Sending desktop notification using 'notify2'
[3.704s] DEBUG:colcon.colcon_core.event_reactor:joined thread
[3.705s] INFO:colcon.colcon_core.shell:Creating prefix script '/home/kiran_gunathilaka/development/ros/robotic_manipulator_simulation/install/local_setup.ps1'
[3.705s] INFO:colcon.colcon_core.shell:Creating prefix util module '/home/kiran_gunathilaka/development/ros/robotic_manipulator_simulation/install/_local_setup_util_ps1.py'
[3.706s] INFO:colcon.colcon_core.shell:Creating prefix chain script '/home/kiran_gunathilaka/development/ros/robotic_manipulator_simulation/install/setup.ps1'
[3.707s] INFO:colcon.colcon_core.shell:Creating prefix script '/home/kiran_gunathilaka/development/ros/robotic_manipulator_simulation/install/local_setup.sh'
[3.707s] INFO:colcon.colcon_core.shell:Creating prefix util module '/home/kiran_gunathilaka/development/ros/robotic_manipulator_simulation/install/_local_setup_util_sh.py'
[3.708s] INFO:colcon.colcon_core.shell:Creating prefix chain script '/home/kiran_gunathilaka/development/ros/robotic_manipulator_simulation/install/setup.sh'
[3.709s] INFO:colcon.colcon_core.shell:Creating prefix script '/home/kiran_gunathilaka/development/ros/robotic_manipulator_simulation/install/local_setup.bash'
[3.709s] INFO:colcon.colcon_core.shell:Creating prefix chain script '/home/kiran_gunathilaka/development/ros/robotic_manipulator_simulation/install/setup.bash'
[3.710s] INFO:colcon.colcon_core.shell:Creating prefix script '/home/kiran_gunathilaka/development/ros/robotic_manipulator_simulation/install/local_setup.zsh'
[3.711s] INFO:colcon.colcon_core.shell:Creating prefix chain script '/home/kiran_gunathilaka/development/ros/robotic_manipulator_simulation/install/setup.zsh'
